2024-09-27 01:08:40,447 - 
=============================================================================================================================
batch_size                                        : 64                            
class_dim                                         : 16                            
class_std                                         : 1.0                           
dataset                                           : mnist                         
dataset_drop_last                                 : True                          
dataset_num_threads                               : 0                             
dataset_shuffle                                   : 1                             
device                                            : cuda                          
disc_limit_acc                                    : 0.8                           
disc_thr                                          : 1000                          
emb_radius                                        : 3.0                           
est_batch_size                                    : 64                            
est_class_std                                     : 0.1                           
est_style_optimize                                : 4                             
est_style_std                                     : 0.1                           
est_thr                                           : 3000                          
eval_dis_n_samples                                : 10                            
freq_iter_log                                     : 4096                          
freq_step_chkpt                                   : 1000                          
freq_step_eval                                    : 500                           
gpu_ids                                           : 0                             
lambda_dec                                        : 1.0                           
lambda_disc                                       : 0.1                           
lambda_est                                        : 0.5                           
lambda_est_zc                                     : 0.05                          
lambda_rec                                        : 10.0                          
lambda_wall                                       : 10.0                          
learning_rate                                     : 0.0001                        
load_from                                         : -1                            
mid_ch                                            : 64                            
n_times_disc                                      : 1                             
n_times_est                                       : 1                             
n_times_main                                      : 10                            
num_classes                                       : 10                            
num_mels                                          : 80                            
rand_seed                                         : 6643                          
steps                                             : 20000                         
style_dim                                         : 16                            
style_std                                         : 0.1                           
=============================================================================================================================
2024-09-27 01:08:40,449 - Dataset[train] size: 60000. 
2024-09-27 01:08:40,449 - Dataset[train_est] size: 60000. 
2024-09-27 01:08:40,449 - Network[Enc_style] total number of parameters : 0.069 M. 
2024-09-27 01:08:40,450 - Network[Enc_class] total number of parameters : 0.069 M. 
2024-09-27 01:08:40,450 - Network[Dec] total number of parameters : 0.000 M. 
2024-09-27 01:08:40,450 - Network[Rec] total number of parameters : 0.294 M. 
2024-09-27 01:08:40,450 - Network[Est] total number of parameters : 0.136 M. 
2024-09-27 01:08:40,450 - Network[Disc] total number of parameters : 0.258 M. 
